mar. 27, 2025 7:25:34 PM liquibase.changelog
INFORMAÇÕES: Reading from board.databasechangelog
mar. 27, 2025 7:25:34 PM liquibase.lockservice
INFORMAÇÕES: Successfully acquired change log lock
mar. 27, 2025 7:25:34 PM liquibase.command
INFORMAÇÕES: Using deploymentId: 3114334487
mar. 27, 2025 7:25:34 PM liquibase.changelog
INFORMAÇÕES: Reading from board.databasechangelog
Running Changeset: db/changelog/db.changelog-master.yml::3::trivago
mar. 27, 2025 7:25:36 PM liquibase.changelog
INFORMAÇÕES: SQL in file db/changelog/migrations/db.changelog-202503271836.sql executed
mar. 27, 2025 7:25:36 PM liquibase.changelog
INFORMAÇÕES: ChangeSet db/changelog/db.changelog-master.yml::3::trivago ran successfully in 2006ms

UPDATE SUMMARY
Run:                          1
Previously run:               2
Filtered out:                 0
-------------------------------
Total change sets:            3

mar. 27, 2025 7:25:36 PM liquibase.util
INFORMAÇÕES: UPDATE SUMMARY
mar. 27, 2025 7:25:36 PM liquibase.util
INFORMAÇÕES: Run:                          1
mar. 27, 2025 7:25:36 PM liquibase.util
INFORMAÇÕES: Previously run:               2
mar. 27, 2025 7:25:36 PM liquibase.util
INFORMAÇÕES: Filtered out:                 0
mar. 27, 2025 7:25:36 PM liquibase.util
INFORMAÇÕES: -------------------------------
mar. 27, 2025 7:25:36 PM liquibase.util
INFORMAÇÕES: Total change sets:            3
mar. 27, 2025 7:25:36 PM liquibase.util
INFORMAÇÕES: Update summary generated
mar. 27, 2025 7:25:36 PM liquibase.command
INFORMAÇÕES: Update command completed successfully.
Liquibase: Update has been successful. Rows affected: 1
mar. 27, 2025 7:25:36 PM liquibase.lockservice
INFORMAÇÕES: Successfully released change log lock
mar. 27, 2025 7:25:36 PM liquibase.command
INFORMAÇÕES: Command execution complete
